<?xml version="1.0" encoding="UTF-8"?>
<testng-results ignored="0" total="1" passed="1" failed="0" skipped="0">
  <reporter-output>
  </reporter-output>
  <suite started-at="2023-12-19T16:20:52 IST" name="Surefire suite" finished-at="2023-12-19T16:21:09 IST" duration-ms="16353">
    <groups>
    </groups>
    <test started-at="2023-12-19T16:20:52 IST" name="Surefire test" finished-at="2023-12-19T16:21:09 IST" duration-ms="16353">
      <class name="Shopping_Cart_Demo.Shopping_Cart_Demo.test.ShoppingCartTestCase">
        <test-method signature="add()[pri:0, instance:Shopping_Cart_Demo.Shopping_Cart_Demo.test.ShoppingCartTestCase@61009542]" started-at="2023-12-19T16:20:52 IST" name="add" finished-at="2023-12-19T16:21:09 IST" duration-ms="16318" status="PASS">
          <reporter-output>
          </reporter-output>
        </test-method> <!-- add -->
      </class> <!-- Shopping_Cart_Demo.Shopping_Cart_Demo.test.ShoppingCartTestCase -->
    </test> <!-- Surefire test -->
  </suite> <!-- Surefire suite -->
</testng-results>
