<?xml version="1.0" encoding="UTF-8"?>
<testng-results ignored="0" total="2" passed="2" failed="0" skipped="0">
  <reporter-output>
  </reporter-output>
  <suite started-at="2023-12-19T15:46:30 IST" name="Suite" finished-at="2023-12-19T15:46:54 IST" duration-ms="24699">
    <groups>
    </groups>
    <test started-at="2023-12-19T15:46:30 IST" name="CartValidation" finished-at="2023-12-19T15:46:51 IST" duration-ms="21124">
      <class name="Shopping_Cart_Demo.Shopping_Cart_Demo.test.ShoppingCart">
        <test-method signature="submit(java.lang.String,java.lang.String,java.lang.String,java.lang.String,java.lang.String)[pri:0, instance:Shopping_Cart_Demo.Shopping_Cart_Demo.test.ShoppingCart@37313c65]" started-at="2023-12-19T15:46:30 IST" name="submit" data-provider="getData" finished-at="2023-12-19T15:46:50 IST" duration-ms="20527" status="PASS">
          <params>
            <param index="0">
              <value>
                <![CDATA[standard_user]]>
              </value>
            </param>
            <param index="1">
              <value>
                <![CDATA[secret_sauce]]>
              </value>
            </param>
            <param index="2">
              <value>
                <![CDATA[Merry]]>
              </value>
            </param>
            <param index="3">
              <value>
                <![CDATA[joe]]>
              </value>
            </param>
            <param index="4">
              <value>
                <![CDATA[TF32HU]]>
              </value>
            </param>
          </params>
          <reporter-output>
          </reporter-output>
        </test-method> <!-- submit -->
        <test-method is-config="true" signature="teardown()[pri:0, instance:Shopping_Cart_Demo.Shopping_Cart_Demo.test.ShoppingCart@37313c65]" started-at="2023-12-19T15:46:50 IST" name="teardown" finished-at="2023-12-19T15:46:51 IST" duration-ms="551" status="PASS">
          <reporter-output>
          </reporter-output>
        </test-method> <!-- teardown -->
      </class> <!-- Shopping_Cart_Demo.Shopping_Cart_Demo.test.ShoppingCart -->
    </test> <!-- CartValidation -->
    <test started-at="2023-12-19T15:46:52 IST" name="LoginFail" finished-at="2023-12-19T15:46:54 IST" duration-ms="2961">
      <class name="Shopping_Cart_Demo.Shopping_Cart_Demo.test.LoginFail">
        <test-method signature="loginFailure()[pri:0, instance:Shopping_Cart_Demo.Shopping_Cart_Demo.test.LoginFail@3f1d2e23]" started-at="2023-12-19T15:46:52 IST" name="loginFailure" finished-at="2023-12-19T15:46:54 IST" duration-ms="2653" status="PASS">
          <reporter-output>
          </reporter-output>
        </test-method> <!-- loginFailure -->
        <test-method is-config="true" signature="teardown()[pri:0, instance:Shopping_Cart_Demo.Shopping_Cart_Demo.test.LoginFail@3f1d2e23]" started-at="2023-12-19T15:46:54 IST" name="teardown" finished-at="2023-12-19T15:46:54 IST" duration-ms="291" status="PASS">
          <reporter-output>
          </reporter-output>
        </test-method> <!-- teardown -->
      </class> <!-- Shopping_Cart_Demo.Shopping_Cart_Demo.test.LoginFail -->
    </test> <!-- LoginFail -->
  </suite> <!-- Suite -->
</testng-results>
